<?xml version="1.0" encoding="utf-8"?><testsuites name="pytest tests"><testsuite name="pytest" errors="0" failures="0" skipped="0" tests="20" time="3.184" timestamp="2026-06-07T14:50:17.159210+00:00" hostname="agent-env-3b574d68-2a89-444c-b6ff-68d60d857af5"><testcase classname="tests.test_build33_apple_iap" name="test_health" time="0.246" /><testcase classname="tests.test_build33_apple_iap" name="test_login_admin" time="0.275" /><testcase classname="tests.test_build33_apple_iap" name="test_login_reviewer" time="0.274" /><testcase classname="tests.test_build33_apple_iap" name="test_auth_me" time="0.051" /><testcase classname="tests.test_build33_apple_iap" name="test_register_works" time="0.279" /><testcase classname="tests.test_build33_apple_iap" name="test_get_packages" time="0.047" /><testcase classname="tests.test_build33_apple_iap" name="test_get_earnings" time="0.051" /><testcase classname="tests.test_build33_apple_iap.TestPackagesBuyIOSGate" name="test_ios_no_transaction_id_returns_402" time="0.052" /><testcase classname="tests.test_build33_apple_iap.TestPackagesBuyIOSGate" name="test_ios_fake_transaction_id_returns_402_sanitised" time="0.527" /><testcase classname="tests.test_build33_apple_iap.TestPackagesBuyIOSGate" name="test_non_ios_web_no_tid_succeeds" time="0.051" /><testcase classname="tests.test_build33_apple_iap.TestDuplicateTransactionIdReplay" name="test_duplicate_apple_tid_returns_400_already_redeemed" time="0.131" /><testcase classname="tests.test_build33_apple_iap.TestIAPRestore" name="test_empty_purchases_returns_clean_empty_result" time="0.048" /><testcase classname="tests.test_build33_apple_iap.TestIAPRestore" name="test_fake_transaction_id_returns_reason_code" time="0.372" /><testcase classname="tests.test_build33_apple_iap.TestTelemetryRegression" name="test_crash_simple" time="0.052" /><testcase classname="tests.test_build33_apple_iap.TestTelemetryRegression" name="test_crash_minimal" time="0.053" /><testcase classname="tests.test_build33_apple_iap.TestTelemetryRegression" name="test_crash_native_fatal" time="0.049" /><testcase classname="tests.test_build33_apple_iap.TestTelemetryRegression" name="test_admin_telemetry_requires_admin" time="0.148" /><testcase classname="tests.test_build33_apple_iap.TestAppleVerifyFailClosed" name="test_no_creds_with_require_real_raises" time="0.002" /><testcase classname="tests.test_build33_apple_iap.TestAppleVerifyFailClosed" name="test_no_creds_dev_mode_returns_mock" time="0.001" /><testcase classname="tests.test_build33_apple_iap.TestAppleVerifyFailClosed" name="test_401_with_require_real_raises_no_mock_fallback" time="0.383" /></testsuite></testsuites>