<?xml version="1.0" encoding="utf-8"?><testsuites name="pytest tests"><testsuite name="pytest" errors="0" failures="0" skipped="0" tests="30" time="2.985" timestamp="2026-06-10T15:27:55.454648+00:00" hostname="agent-env-3b574d68-2a89-444c-b6ff-68d60d857af5"><testcase classname="backend.tests.test_build38_regression.TestFaqPurity" name="test_faq_count_and_no_cross_sell" time="0.162" /><testcase classname="backend.tests.test_build38_regression.TestFaqPurity" name="test_faq_no_banned_phrases_or_rig" time="0.041" /><testcase classname="backend.tests.test_build38_regression.TestRigPurity" name="test_machines_no_rig" time="0.379" /><testcase classname="backend.tests.test_build38_regression.TestRigPurity" name="test_dashboard_no_rig" time="0.057" /><testcase classname="backend.tests.test_build38_regression.TestRigPurity" name="test_transactions_no_rig" time="0.045" /><testcase classname="backend.tests.test_build38_regression" name="test_unauthed_health_200[/api/]" time="0.038" /><testcase classname="backend.tests.test_build38_regression" name="test_unauthed_health_200[/api/packages]" time="0.043" /><testcase classname="backend.tests.test_build38_regression" name="test_unauthed_health_200[/api/system/btc_rate]" time="0.040" /><testcase classname="backend.tests.test_build38_regression" name="test_unauthed_health_200[/api/faqs]" time="0.066" /><testcase classname="backend.tests.test_build38_regression" name="test_authed_health_200[/api/auth/me]" time="0.066" /><testcase classname="backend.tests.test_build38_regression" name="test_authed_health_200[/api/dashboard]" time="0.062" /><testcase classname="backend.tests.test_build38_regression" name="test_authed_health_200[/api/machines]" time="0.055" /><testcase classname="backend.tests.test_build38_regression" name="test_authed_health_200[/api/transactions]" time="0.042" /><testcase classname="backend.tests.test_build38_regression" name="test_authed_health_200[/api/earnings]" time="0.057" /><testcase classname="backend.tests.test_build38_regression" name="test_authed_health_200[/api/withdraw/methods]" time="0.040" /><testcase classname="backend.tests.test_build38_regression" name="test_authed_health_200[/api/daily-checkin/status]" time="0.040" /><testcase classname="backend.tests.test_build38_regression" name="test_authed_health_200[/api/ads/status]" time="0.045" /><testcase classname="backend.tests.test_build38_regression" name="test_authed_health_200[/api/auto/settings]" time="0.046" /><testcase classname="backend.tests.test_build38_regression" name="test_authed_health_200[/api/support/thread]" time="0.044" /><testcase classname="backend.tests.test_build38_regression" name="test_authed_health_200[/api/support/unread]" time="0.043" /><testcase classname="backend.tests.test_build38_regression" name="test_authed_health_200[/api/free-forever/status]" time="0.040" /><testcase classname="backend.tests.test_build38_regression.TestPackagesCatalog" name="test_packages_count_and_ids" time="0.039" /><testcase classname="backend.tests.test_build38_regression.TestPackagesCatalog" name="test_packages_mining_fields" time="0.036" /><testcase classname="backend.tests.test_build38_regression.TestWithdrawBounds" name="test_withdraw_methods_regular_user" time="0.037" /><testcase classname="backend.tests.test_build38_regression.TestWithdrawBounds" name="test_withdraw_below_min_returns_400" time="0.039" /><testcase classname="backend.tests.test_build38_regression.TestDailyCheckin" name="test_second_call_same_day_returns_400" time="0.087" /><testcase classname="backend.tests.test_build38_regression" name="test_reviewer_is_not_admin[appreview1@hashratecloudminer.app-AppReview2026!]" time="0.369" /><testcase classname="backend.tests.test_build38_regression" name="test_reviewer_is_not_admin[appreview2@hashratecloudminer.app-AppReview2026!]" time="0.377" /><testcase classname="backend.tests.test_build38_regression" name="test_reviewer_is_not_admin[appreview3@hashratecloudminer.app-AppReview2026!]" time="0.407" /><testcase classname="backend.tests.test_build38_regression" name="test_cross_sell_endpoint_no_500" time="0.044" /></testsuite></testsuites>