<?xml version="1.0" encoding="utf-8"?><testsuites name="pytest tests"><testsuite name="pytest" errors="0" failures="0" skipped="1" tests="21" time="4.836" timestamp="2026-05-20T20:01:03.962403+00:00" hostname="agent-env-3b574d68-2a89-444c-b6ff-68d60d857af5"><testcase classname="tests.backend_test" name="test_health" time="0.252" /><testcase classname="tests.backend_test.TestAuth" name="test_register_returns_token_and_user" time="0.317" /><testcase classname="tests.backend_test.TestAuth" name="test_login_same_credentials" time="0.294" /><testcase classname="tests.backend_test.TestAuth" name="test_login_wrong_password" time="0.300" /><testcase classname="tests.backend_test.TestAuth" name="test_register_duplicate_email" time="0.068" /><testcase classname="tests.backend_test.TestAuth" name="test_auth_me" time="0.089" /><testcase classname="tests.backend_test.TestAuth" name="test_auth_me_no_token" time="0.064" /><testcase classname="tests.backend_test.TestDashboard" name="test_dashboard_has_welcome_miner" time="0.081" /><testcase classname="tests.backend_test.TestDashboard" name="test_machines_lists_welcome" time="0.079" /><testcase classname="tests.backend_test.TestPackages" name="test_get_packages" time="0.078" /><testcase classname="tests.backend_test.TestPackages" name="test_buy_starter" time="0.069" /><testcase classname="tests.backend_test.TestPackages" name="test_buy_bogo_adds_two_miners" time="0.466" /><testcase classname="tests.backend_test.TestPackages" name="test_buy_invalid_package" time="0.069" /><testcase classname="tests.backend_test.TestTransactions" name="test_transactions_after_purchase" time="0.076" /><testcase classname="tests.backend_test.TestDailyCheckin" name="test_status_available_then_post_then_rejected" time="0.560" /><testcase classname="tests.backend_test.TestReferral" name="test_referral_returns_code" time="0.074" /><testcase classname="tests.backend_test.TestWithdraw" name="test_withdraw_methods" time="0.069" /><testcase classname="tests.backend_test.TestWithdraw" name="test_withdraw_below_min_rejected" time="0.070" /><testcase classname="tests.backend_test.TestWithdraw" name="test_withdraw_above_balance_rejected" time="0.073" /><testcase classname="tests.backend_test.TestWithdraw" name="test_withdraw_invalid_method" time="0.066" /><testcase classname="tests.backend_test.TestWithdraw" name="test_withdraw_success_when_balance_allows" time="1.518"><skipped type="pytest.skip" message="Balance $0.0500 too small to test withdraw success path without admin seed">/app/backend/tests/backend_test.py:267: Balance $0.0500 too small to test withdraw success path without admin seed</skipped></testcase></testsuite></testsuites>