<?xml version="1.0" encoding="utf-8"?><testsuites name="pytest tests"><testsuite name="pytest" errors="0" failures="0" skipped="0" tests="23" time="4.348" timestamp="2026-06-05T17:24:20.465153+00:00" hostname="agent-env-3b574d68-2a89-444c-b6ff-68d60d857af5"><testcase classname="backend.tests.test_telemetry.TestCrashIngestion" name="test_basic_crash_returns_ok_and_id" time="1.424" /><testcase classname="backend.tests.test_telemetry.TestCrashIngestion" name="test_unhandled_rejection_type" time="0.050" /><testcase classname="backend.tests.test_telemetry.TestCrashIngestion" name="test_render_boundary_type" time="0.051" /><testcase classname="backend.tests.test_telemetry.TestCrashIngestion" name="test_error_type" time="0.051" /><testcase classname="backend.tests.test_telemetry.TestCrashIngestion" name="test_empty_body_returns_200_with_safe_defaults" time="0.056" /><testcase classname="backend.tests.test_telemetry.TestCrashIngestion" name="test_missing_fields_returns_200" time="0.052" /><testcase classname="backend.tests.test_telemetry.TestCrashIngestion" name="test_oversized_stack_truncates_gracefully" time="0.430" /><testcase classname="backend.tests.test_telemetry.TestCrashIngestion" name="test_oversized_message_truncates" time="0.049" /><testcase classname="backend.tests.test_telemetry.TestCrashIngestion" name="test_no_auth_required" time="0.148" /><testcase classname="backend.tests.test_telemetry.TestCrashIngestion" name="test_malformed_body_invalid_json" time="0.163" /><testcase classname="backend.tests.test_telemetry.TestCrashIngestion" name="test_array_body_does_not_crash_server" time="0.048" /><testcase classname="backend.tests.test_telemetry.TestCrashIngestion" name="test_non_string_fields_are_coerced" time="0.049" /><testcase classname="backend.tests.test_telemetry.TestCrashAdminFetch" name="test_admin_fetch_no_auth_unauthorized" time="0.048" /><testcase classname="backend.tests.test_telemetry.TestCrashAdminFetch" name="test_admin_fetch_non_admin_forbidden" time="0.346" /><testcase classname="backend.tests.test_telemetry.TestCrashAdminFetch" name="test_admin_fetch_with_auth_returns_list" time="0.341" /><testcase classname="backend.tests.test_telemetry.TestCrashAdminFetch" name="test_admin_fetch_sorted_received_at_desc" time="0.059" /><testcase classname="backend.tests.test_telemetry.TestCrashAdminFetch" name="test_admin_fetch_respects_limit" time="0.202" /><testcase classname="backend.tests.test_telemetry.TestCrashAdminFetch" name="test_admin_fetch_limit_capped_at_200" time="0.053" /><testcase classname="backend.tests.test_telemetry.TestE2E" name="test_post_then_get_finds_crash" time="0.108" /><testcase classname="backend.tests.test_telemetry.TestRegression" name="test_login_admin" time="0.271" /><testcase classname="backend.tests.test_telemetry.TestRegression" name="test_auth_me_admin" time="0.053" /><testcase classname="backend.tests.test_telemetry.TestRegression" name="test_auth_me_unauthenticated" time="0.049" /><testcase classname="backend.tests.test_telemetry.TestRegression" name="test_health" time="0.047" /></testsuite></testsuites>